Jun 30 23:23 : exception: Failed to open '/home/shadow/.config/mpd/mpdstate': No such file or directory
Jun 30 23:23 : config: option 'device' on line 13 was not recognized
Jun 30 23:23 : update: added /Kina - Can We Kiss Forever.mp3
Jun 30 23:23 : update: added /05 Imagine Dragons - Bad Liar.mp3
Jun 30 23:23 : update: added /01 Séréna - Safari.mp3
Jun 30 23:23 : update: added /Indila – Love Story.mp3
Jun 30 23:23 : update: added /Harry Styles - As It Was.mp3
Jun 30 23:23 : update: added /Hamsika Iyer - Be Notorious (Title Track).mp3
Jun 30 23:23 : update: added /12 Arijit Singh - Kabhi Jo Baadal Barse.mp3
Jun 30 23:23 : update: added /06 James Arthur - Train Wreck.mp3
Jun 30 23:23 : update: added /SLANDER, Dylan Matthew - Love Is Gone (feat. Dylan Matthew).mp3
Jun 30 23:23 : update: added /02 Aalaap Raju - Nenjodu Cherthu.mp3
Jun 30 23:23 : update: added /Miyagi _ Andy Panda - Kosandra (Adam Maniac Remix)(MP3_160K).mp3
Jun 30 23:23 : update: added /01 Maroon 5 - Memories.mp3
Jun 30 23:23 : update: added /Andro - Isa.mp3
Jun 30 23:23 : update: added /MELON - Running Up That Hill (A Deal With God) [Dance].mp3
Jun 30 23:23 : update: added /05 Justin Bieber - Love Yourself.mp3
Jun 30 23:23 : update: added /Shawn Mendes - Señorita.mp3
Jun 30 23:23 : update: added /Kyoresu - Lalala.mp3
Jun 30 23:23 : update: added /01 Shaun - Way Back Home (feat. Conor Maynard) (Sam Feldt Ed.mp3
Jun 30 23:23 : update: added /01 Martin Garrix - In the Name of Love.mp3
Jun 30 23:23 : update: added /01 The Chainsmokers - Don t Let Me Down (W W Remix).mp3
Jun 30 23:23 : update: added /01 Ashley Serena - Lullaby of Woe.mp3
Jun 30 23:23 : update: added /01 Halsey - Without Me.mp3
Jun 30 23:23 : update: added /02 Avicii - The Nights.mp3
Jun 30 23:23 : update: added /04 Billie Eilish - you should see me in a crown.mp3
Jun 30 23:23 : update: added /Joji - Glimpse of Us.mp3
Jun 30 23:23 : update: added /Dido - Thank You.mp3
Jun 30 23:23 : update: added /01 Otilia - Bilionera   Bilionera (Radio Edit).mp3
Jun 30 23:23 : update: added /01 The Chainsmokers - Something Just Like This.mp3
Jun 30 23:23 : update: added /Metro Boomin - Am I Dreaming.mp3
Jun 30 23:23 : update: added /Sugar   Brownies CD 1 TRACK 1 (320).mp3
Jun 30 23:23 : update: added /Lost Sky - Fearless Pt. II.mp3
Jun 30 23:23 : update: added /Sofía Reyes - 1,2,3.mp3
Jun 30 23:23 : update: added /Nightshift TV - Drive Forever (Short).mp3
Jun 30 23:23 : update: added /01 Sasha Sloan - Dancing With Your Ghost.mp3
Jun 30 23:23 : update: added /Ricky Rich - Habibi (Albanian Remix).mp3
Jun 30 23:23 : update: added /Darbuka Siva - Mudhal Nee Mudivum Nee Title Track (From  Mud.mp3
Jun 30 23:23 : update: added /01 Apparat - Goodbye (Theme from Dark, A Netflix Original Se.mp3
Jun 30 23:23 : update: added /Chris Zabriskie - I Am a Man Who Will Fight for Your Honor.mp3
Jun 30 23:23 : update: added /Ouska - Disappear.mp3
Jun 30 23:23 : update: added /08 Nelly Furtado - Say It Right (Main).mp3
Jun 30 23:23 : update: added /06 Engelbert Humperdinck - A Man Without Love.mp3
Jun 30 23:23 : update: added /01 Kayou. - Give Me a Purpose.mp3
Jun 30 23:23 : update: added /Nathan Evans - Wellerman (Sea Shanty).mp3
Jun 30 23:23 : update: added /Lilly Oxford - Come On Come On Turn the Radio On.mp3
Jun 30 23:23 : update: added /01 The Chainsmokers - Closer.mp3
Jun 30 23:23 : update: added /08 Crystal Castles - Transgender.mp3
Jun 30 23:23 : update: added /01 Marshmello - FRIENDS.mp3
Jun 30 23:23 : update: added /Tamer - Beautiful Crime.mp3
Jun 30 23:23 : update: added /Keethan - Tara.mp3
Jun 30 23:23 : update: added /Stephen Sanchez - Until I Found You.mp3
Jun 30 23:23 : update: added /Elley Duhe - MIDDLE OF THE NIGHT.mp3
Jun 30 23:23 : update: added /Dua Lipa - Levitating.mp3
Jun 30 23:23 : update: added /Yuvanshankar Raja - Thuli Thuli (From  Paiya ).mp3
Jun 30 23:23 : update: added /enjyng - U Should Run.mp3
Jun 30 23:23 : update: added /03 Chris Brown - Under The Influence.mp3
Jun 30 23:23 : update: added /The Weeknd - Nothing Is Lost (You Give Me Strength) (1).mp3
Jun 30 23:23 : update: added /Kyle Hume - 23.mp3
Jun 30 23:23 : update: added /01 Kina - Get You The Moon.mp3
Jun 30 23:23 : update: added /One Direction - Night Changes.mp3
Jun 30 23:23 : update: added /01 Katy Perry - Harleys In Hawaii.mp3
Jun 30 23:23 : update: added /Pink Sweat$ - At My Worst.mp3
Jun 30 23:23 : update: added /14 Hillsong Young & Free - Wake (Studio).mp3
Jun 30 23:23 : update: added /Henry Moodie - you were there for me.mp3
Jun 30 23:23 : update: added /Edward Maya - Stereo Love.mp3
Jun 30 23:23 : update: added /01 Kate Bush - Running Up That Hill (A Deal With God).mp3
Jun 30 23:23 : update: added /Mareux - The Perfect Girl.mp3
Jun 30 23:23 : update: added /08 Lil Nas X - Old Town Road.mp3
Jun 30 23:23 : update: added /Plain White T s - Hey There Delilah.mp3
Jun 30 23:23 : update: added /06 Post Malone - rockstar.mp3
Jun 30 23:23 : update: added /Metro Boomin - Calling (Spider-Man  Across the Spider-Verse).mp3
Jun 30 23:23 : update: added /Area21 - Lovin  Every Minute.mp3
Jun 30 23:23 : update: added /01 Maroon 5 - Animals.mp3
Jun 30 23:23 : update: added /Jennifer Lopez - On The Floor (Radio Edit).mp3
Jun 30 23:23 : update: added /02 Tones and I - Dance Monkey.mp3
Jun 30 23:23 : update: added /01 Lana Del Rey - Young And Beautiful.mp3
Jun 30 23:23 : update: added /Powfu - death bed (coffee for your head).mp3
Jun 30 23:23 : update: added /AMARIA BB - Slow Motion.mp3
Jun 30 23:23 : update: added /01 Gym Class Heroes - Stereo Hearts (feat. Adam Levine).mp3
Jun 30 23:23 : update: added /01 Aaron Smith - Dancin (Krono Remix).mp3
Jun 30 23:23 : update: added /02 CKay - love nwantiti (ah ah ah).mp3
Jun 30 23:23 : update: added /01 Imran Khan - Satisfya.mp3
Jun 30 23:23 : update: added /01 Arash - Broken Angel (feat. Helena).mp3
Jun 30 23:23 : update: added /Andrei Grig x DJ Gimi-O - Habibbi (Remix).mp3
Jun 30 23:23 : update: added /Daddy Yankee - Despacito.mp3
Jun 30 23:23 : update: added /01 Billie Eilish - lovely.mp3
Jun 30 23:23 : update: added /01 Ashè - Moral of the Story.mp3
Jun 30 23:23 : update: added /Cartoon - On   On.mp3
Jun 30 23:23 : update: added /flora cash - You re Somebody Else.mp3
Jun 30 23:23 : update: added /David Arkenstone - The Secret Wedding (Love Theme From  Brav.mp3
Jun 30 23:23 : update: added /Ivan Torrent - Luminous Days.mp3
Jun 30 23:23 : update: added /Kina - Nobody Cares.mp3
Jun 30 23:23 : update: added /01_Clean_Bandit_Rockabye_feat_Sean.mp3
Jun 30 23:23 : update: added /Coolio - Gangsta s Paradise.mp3
Jun 30 23:23 : update: added /Travis Scott - THE PLAN.mp3
Jun 30 23:23 : update: added /17 Ellie Goulding - Love Me Like You Do.mp3
Jun 30 23:23 : update: added /01 Earl - All That Glitters.mp3
Jun 30 23:23 : update: added /01 Queen - We Will Rock You (Remastered).mp3
Jun 30 23:23 : update: added /Peder B. Helland - Unknown Lands.mp3
Jun 30 23:23 : update: added /01 Unknown Brain - Why Do I.mp3
Jun 30 23:23 : update: added /01 Tungevaag & Raaban - Bad Boy (feat. Luana Kiara).mp3
Jun 30 23:23 : update: added /03 Coldplay - Hymn for the Weekend.mp3
Jun 30 23:23 : update: added /06 Ed Sheeran - Photograph.mp3
Jun 30 23:23 : update: added /Trevor Daniel - Falling.mp3
Jun 30 23:23 : update: added /Antent - Pulse.mp3
Jun 30 23:23 : update: added /Rosa Linn - SNAP.mp3
Jun 30 23:23 : update: added /10 Zack Hemsey - The Way.mp3
Jun 30 23:23 : update: added /Glass Animals - Heat Waves.mp3
Jun 30 23:23 : update: added /01 AURORA - Runaway.mp3
Jun 30 23:23 : update: added /01 Witt Lowry - Into Your Arms (feat. Ava Max).mp3
Jun 30 23:23 : update: added /01 Sonu Nigam - Abhi Mujh Mein Kahin (From  Agneepath ).mp3
Jun 30 23:23 : update: added /01 Marian Hill - Down.mp3
Jun 30 23:23 : update: added /Ruth B. - Dandelions (slowed + reverb).mp3
Jun 30 23:23 : update: added /06 Vijay Yesudas - Poomuthole.mp3
Jun 30 23:23 : update: added /05 Sia - Unstoppable.mp3
Jun 30 23:23 : update: added /02 Sachin Warrier - Neelashalabame.mp3
Jun 30 23:23 : update: added /Rowan Drake - Elephant In The Room.mp3
Jun 30 23:23 : update: added /app89bfed2d_9384_4556_8f17_04cc232a27abHesham_Abdul_Wahab,_Darshana.mp3
Jun 30 23:23 : update: added /14 Melanie Martinez - Play Date.mp3
Jun 30 23:23 : update: added /01 Barren Gates - Enslaved.mp3
Jun 30 23:23 : update: added /17 Imagine Dragons - Thunder.mp3
Jun 30 23:23 : update: added /01 Justin Bieber - Baby.mp3
Jun 30 23:23 : update: added /JalRaj - Zara Zara.mp3
Jun 30 23:23 : update: added /Duncan Laurence - Arcade.mp3
Jun 30 23:23 : update: added /01 Jon Bellion - All Time Low.mp3
Jun 30 23:23 : update: added /09 Maroon 5 - Girls Like You.mp3
Jun 30 23:23 : update: added /03 Tom Odell - Another Love.mp3
Jun 30 23:23 : update: added /01 ZAYN - Dusk Till Dawn.mp3
Jun 30 23:23 : update: added /01 Luis Fonsi - Despacito.mp3
Jun 30 23:23 : update: added /The Kid Laroi - Stay.mp3
Jun 30 23:23 : update: added /01 Charlie Puth - Attention.mp3
Jun 30 23:23 : update: added /Barren Gates & M.I.M.E - Enslaved [NCS Release].mp3
Jun 30 23:23 : update: added /02 Vivek - Mervin - Orasaadha (Madras Gig).mp3
Jun 30 23:23 : update: added /Em Beihold - Numb Little Bug.mp3
Jun 30 23:23 : update: added /01 Alan Walker - Fade.mp3
Jun 30 23:23 : update: added /01 Becky G - Shower.mp3
Jun 30 23:23 : update: added /Miguel - Sure Thing (Sped Up).mp3
Jun 30 23:23 : update: added /Tiësto - The Business.mp3
Jun 30 23:23 : update: added /02 Ruth B. - Dandelions.mp3
Jun 30 23:23 : update: added /Tiësto - 10 35.mp3
Jun 30 23:23 : update: added /07 Alex   Sierra - Little Do You Know.mp3
Jun 30 23:23 : update: added /The Weeknd - Nothing Is Lost (You Give Me Strength).mp3
Jun 30 23:23 : update: added /01 Alec Benjamin - Let Me Down Slowly.mp3
Jun 30 23:23 : update: added /01 Vijay Yesudas - Uyirin Naadhane (From Joseph).mp3
Jun 30 23:23 : update: added /Enya - Sumiregusa (Wild Violet).mp3
Jun 30 23:23 : update: added /01 Alan Walker - Faded.mp3
Jun 30 23:23 : update: added /Mr Robot - Main theme.mp3
Jun 30 23:23 : update: added /Masked Wolf - Astronaut In The Ocean.mp3
Jun 30 23:23 : update: added /KANMANI_ANBODU_COVER_SONG_SACHIN_SIBY_SHYAM_KUMAR_ASMP3_160K.mp3
Jun 30 23:23 : update: added /Ghost - Mary On A Cross.mp3
Jun 30 23:23 : update: added /DHARIA - August Diaries.mp3
Jun 30 23:23 : update: added /Skylar Grey - Coming Home (Part II).mp3
Jun 30 23:23 : update: added /Loi - Blinding Lights.mp3
Jun 30 23:23 : update: added /Starla Edney - Queen of Hearts.mp3
Jun 30 23:23 : update: added /The Weeknd - Blinding Lights.mp3
Jun 30 23:23 : update: added /01 KSHMR - Bombay Dreams (feat. Kavita Seth).mp3
Jun 30 23:23 : update: added /07_Howard_Shore_One_of_the_Dúnedain.mp3
Jun 30 23:23 : update: added /32 Arijit Singh - Main Dhoondne Ko Zamaane Mein.mp3
Jun 30 23:23 : update: added /03 Madilyn Bailey & Jake Coco - I Need Your Love.mp3
Jun 30 23:23 : update: added /01 Vancouver Sleep Clinic - Lung.mp3
Jun 30 23:23 : update: added /09 Mr.Kitty - After Dark.mp3
Jun 30 23:23 : update: added /Spiritual Gardens - Natural Beauty.mp3
Jun 30 23:23 : update: added /01 Randall - Wahran.mp3
Jun 30 23:23 : update: added /01_Harisankar_K_S_Jeevamshamayi.mp3
Jun 30 23:23 : ffmpeg/mov,mp4,m4a,3gp,3g2,mj2: stream 0, timescale not set
Jun 30 23:23 : update: added /Avicii - The Nights - Angie N_ COVER EVgpX-Qnypo.m4a
Jun 30 23:23 : update: added /Dil Ko Karaar Aaya (From Sukoon) CD 1 TRACK 1 (320).mp3
Jun 30 23:23 : update: added /18 The Weeknd - I Feel It Coming.mp3
Jun 30 23:23 : update: added /05_Charlie_Puth_We_Don't_Talk_Anymore.mp3
Jun 30 23:23 : update: added /06 Yuvanshankar Raja - En Kadhal Solla (From  Paiya ).mp3
Jun 30 23:23 : update: added /Eminem - Mockingbird (Sped up).mp3
Jun 30 23:23 : update: added /Hesham Abdul Wahab - Nagumo.mp3
Jun 30 23:23 : update: added /Metro Boomin - Annihilate (Spider-Man  Across the Spider-Ver.mp3
Jun 30 23:23 : update: added /13 DJ Snake - Let Me Love You.mp3
Jun 30 23:23 : update: added /Slow Mage - I Just Died In Your Arms (slowed + reverb).mp3
Jun 30 23:23 : update: added /Replay_slowed_down__1163863362_320kbps.mp3
Jun 30 23:23 : update: added /02 Sooraj Santhosh - Uyiril Thodum.mp3
Jun 30 23:23 : update: added /Jawsh 685 - Savage Love (Laxed - Siren Beat).mp3
Jun 30 23:23 : update: added /yt1s_com_Eenie_Meenie_Justin_Bieber_Sean_Kingston_Cover_By_Ray_Ft.mp3
Jun 30 23:23 : update: added /Say Yes to Heaven Honeymoon Version  - Lana Del Rey.mp3
Jun 30 23:23 : update: added /05 Kehlani - Gangsta.mp3
Jun 30 23:23 : update: added /12 Jaymes Young - Infinity.mp3
Jun 30 23:23 : update: added /02 Tommee Profitt - In The End (Mellen Gi Remix).mp3
Jul 01 12:03 : config: option 'device' on line 13 was not recognized
Jul 01 13:44 : config: option 'device' on line 13 was not recognized
Jul 01 14:46 : config: option 'device' on line 13 was not recognized
Jul 01 16:10 : config: option 'device' on line 13 was not recognized
Jul 01 16:13 : config: option 'device' on line 13 was not recognized
Jul 01 17:51 : config: option 'device' on line 13 was not recognized
Jul 02 09:41 : config: option 'device' on line 13 was not recognized
Jul 02 10:26 : config: option 'device' on line 13 was not recognized
Jul 02 18:25 : config: option 'device' on line 13 was not recognized
Jul 02 20:06 : exception: Failed to open /home/shadow/.config/mpd/playlists: No such file or directory
Jul 02 20:06 : exception: Failed to open /home/shadow/.config/mpd/playlists: No such file or directory
Jul 02 21:46 : player: played "Metro Boomin - Annihilate (Spider-Man  Across the Spider-Ver.mp3"
Jul 02 21:50 : player: played "Metro Boomin - Calling (Spider-Man  Across the Spider-Verse).mp3"
Jul 02 21:53 : player: played "Eminem - Mockingbird (Sped up).mp3"
Jul 02 21:53 : exception: Failed to open /home/shadow/.config/mpd/playlists: No such file or directory
Jul 02 21:54 : player: played "Hesham Abdul Wahab - Nagumo.mp3"
Jul 04 22:04 : config: option 'device' on line 13 was not recognized
Jul 04 23:34 : player: played "Hesham Abdul Wahab - Nagumo.mp3"
Jul 05 18:05 : config: option 'device' on line 13 was not recognized
Jun 20 03:11 : config: option 'device' on line 13 was not recognized
Jul 07 17:35 : player: played "01 Vancouver Sleep Clinic - Lung.mp3"
Jul 07 19:30 : config: option 'device' on line 13 was not recognized
Jul 07 20:25 : player: played "01 Vancouver Sleep Clinic - Lung.mp3"
Jul 07 20:43 : config: option 'device' on line 13 was not recognized
Jul 07 23:02 : player: played "01 Vancouver Sleep Clinic - Lung.mp3"
Jul 08 08:33 : config: option 'device' on line 13 was not recognized
Jul 08 13:32 : player: played "01 Vancouver Sleep Clinic - Lung.mp3"
Jul 08 13:35 : player: played "Cartoon - On   On.mp3"
Jul 08 13:38 : player: played "01 Maroon 5 - Memories.mp3"
Jul 08 13:42 : player: played "Metro Boomin - Annihilate (Spider-Man  Across the Spider-Ver.mp3"
Jul 08 14:00 : player: played "Metro Boomin - Am I Dreaming.mp3"
Jul 08 14:15 : config: option 'device' on line 13 was not recognized
Jul 08 15:17 : player: played "Metro Boomin - Am I Dreaming.mp3"
Jul 08 15:20 : config: option 'device' on line 13 was not recognized
Jul 09 00:02 : player: played "Metro Boomin - Am I Dreaming.mp3"
Jul 09 07:30 : config: option 'device' on line 13 was not recognized
Jul 09 09:49 : player: played "Metro Boomin - Am I Dreaming.mp3"
Jul 09 09:52 : config: option 'device' on line 13 was not recognized
Jul 09 15:25 : output: Failed to play on "pulse audio" (pulse): suspended
Jul 09 15:25 : player: played "Metro Boomin - Am I Dreaming.mp3"
Jul 09 15:26 : config: option 'device' on line 13 was not recognized
Jul 09 15:28 : output: Failed to play on "pulse audio" (pulse): suspended
Jul 09 15:46 : player: played "Jennifer Lopez - On The Floor (Radio Edit).mp3"
Jul 09 15:47 : config: option 'device' on line 13 was not recognized
Jul 09 15:49 : exception: Failed to open /home/shadow/.config/mpd/playlists: No such file or directory
Jul 09 15:49 : output: Failed to play on "pulse audio" (pulse): suspended
Jul 09 15:54 : player: played "Jennifer Lopez - On The Floor (Radio Edit).mp3"
Jul 09 15:55 : output: Failed to play on "pulse audio" (pulse): disconnected
Jul 09 15:55 : exception: Failed to open "pulse audio" (pulse); pa_context_connect() has failed: Connection refused
Jul 09 15:55 : player: played "05 Imagine Dragons - Bad Liar.mp3"
Jul 09 20:14 : config: option 'device' on line 13 was not recognized
Jul 09 20:17 : player: played "05 Imagine Dragons - Bad Liar.mp3"
Jul 09 20:21 : config: option 'device' on line 13 was not recognized
Jul 09 20:56 : player: played "05 Imagine Dragons - Bad Liar.mp3"
Jul 10 22:05 : config: option 'device' on line 13 was not recognized
Jul 10 23:03 : player: played "05 Imagine Dragons - Bad Liar.mp3"
Jul 11 22:23 : config: option 'device' on line 13 was not recognized
Jul 12 17:40 : config: option 'device' on line 13 was not recognized
Jul 12 17:44 : player: played "05 Imagine Dragons - Bad Liar.mp3"
Jul 12 17:45 : config: option 'device' on line 13 was not recognized
Jul 12 18:59 : player: played "05 Imagine Dragons - Bad Liar.mp3"
Jul 12 19:00 : config: option 'device' on line 13 was not recognized
Jul 12 19:04 : player: played "05 Imagine Dragons - Bad Liar.mp3"
Jul 12 19:05 : config: option 'device' on line 13 was not recognized
Jul 12 19:08 : output: Failed to pause "pulse audio" (pulse): failed to connect the stream: Connection terminated
Jul 12 19:09 : output: Failed to play on "pulse audio" (pulse): suspended
Jul 12 19:09 : player: played "05 Imagine Dragons - Bad Liar.mp3"
Jul 12 19:10 : config: option 'device' on line 13 was not recognized
Jul 12 19:14 : player: played "05 Imagine Dragons - Bad Liar.mp3"
Jul 13 07:50 : config: option 'device' on line 13 was not recognized
Jul 13 07:50 : player: played "05 Imagine Dragons - Bad Liar.mp3"
Jul 13 19:46 : config: option 'device' on line 13 was not recognized
Jul 13 20:19 : player: played "05 Imagine Dragons - Bad Liar.mp3"
Jul 13 21:02 : player: played "Barren Gates & M.I.M.E - Enslaved [NCS Release].mp3"
Jul 13 21:02 : config: option 'device' on line 13 was not recognized
Jul 13 21:08 : player: played "Tiësto - 10 35.mp3"
Jul 13 21:09 : config: option 'device' on line 13 was not recognized
Jul 13 21:09 : player: played "Tiësto - 10 35.mp3"
Jul 13 21:14 : config: option 'device' on line 13 was not recognized
Jul 13 21:19 : player: played "Tiësto - 10 35.mp3"
Jul 13 21:31 : config: option 'device' on line 13 was not recognized
Jul 14 19:22 : player: played "Tiësto - 10 35.mp3"
Jul 14 20:46 : config: option 'device' on line 13 was not recognized
Jul 14 22:21 : player: played "Tiësto - 10 35.mp3"
Jul 15 19:44 : config: option 'device' on line 13 was not recognized
Jul 16 08:45 : player: played "Tiësto - 10 35.mp3"
Jul 16 08:58 : config: option 'device' on line 13 was not recognized
Jul 16 17:31 : player: played "Tiësto - 10 35.mp3"
Jul 16 21:24 : config: option 'device' on line 13 was not recognized
Jul 16 23:30 : player: played "Tiësto - 10 35.mp3"
Jul 17 12:19 : config: option 'device' on line 13 was not recognized
Jul 17 23:07 : player: played "Tiësto - 10 35.mp3"
Jul 17 23:09 : player: played "Kyle Hume - 23.mp3"
Jul 17 23:11 : player: played "08 Lil Nas X - Old Town Road.mp3"
Jul 17 23:15 : player: played "03 Coldplay - Hymn for the Weekend.mp3"
Jul 17 23:19 : player: played "01 Marian Hill - Down.mp3"
Jul 17 23:22 : player: played "The Weeknd - Blinding Lights.mp3"
Jul 17 23:23 : ffmpeg/mov,mp4,m4a,3gp,3g2,mj2: stream 0, timescale not set
Jul 17 23:27 : player: played "01 The Chainsmokers - Closer.mp3"
Jul 17 23:30 : player: played "Lilly Oxford - Come On Come On Turn the Radio On.mp3"
Jul 17 23:31 : player: played "14 Melanie Martinez - Play Date.mp3"
Jul 17 23:32 : config: option 'device' on line 13 was not recognized
Jul 17 23:34 : player: played "14 Melanie Martinez - Play Date.mp3"
Jul 18 09:40 : config: option 'device' on line 13 was not recognized
Jul 18 11:30 : output: Failed to pause "pulse audio" (pulse): failed to connect the stream: Connection terminated
Jul 18 11:32 : output: Failed to pause "pulse audio" (pulse): failed to connect the stream: Connection terminated
Jul 18 13:36 : player: played "14 Melanie Martinez - Play Date.mp3"
Jul 18 13:38 : config: option 'device' on line 13 was not recognized
Jul 18 14:12 : player: played "14 Melanie Martinez - Play Date.mp3"
Jul 18 19:07 : config: option 'device' on line 13 was not recognized
Jul 18 20:13 : player: played "14 Melanie Martinez - Play Date.mp3"
Jul 18 20:13 : config: option 'device' on line 13 was not recognized
Jul 18 21:02 : player: played "14 Melanie Martinez - Play Date.mp3"
Jul 19 13:20 : config: option 'device' on line 13 was not recognized
Jul 19 13:30 : player: played "14 Melanie Martinez - Play Date.mp3"
Jul 19 13:31 : config: option 'device' on line 13 was not recognized
Jul 19 13:55 : player: played "14 Melanie Martinez - Play Date.mp3"
Jul 19 13:56 : config: option 'device' on line 13 was not recognized
Jul 19 14:08 : player: played "14 Melanie Martinez - Play Date.mp3"
Jul 19 14:09 : config: option 'device' on line 13 was not recognized
Jul 19 14:17 : player: played "14 Melanie Martinez - Play Date.mp3"
Jul 19 14:17 : config: option 'device' on line 13 was not recognized
Jul 19 14:21 : player: played "14 Melanie Martinez - Play Date.mp3"
Jul 19 14:30 : config: option 'device' on line 13 was not recognized
Jul 19 23:09 : player: played "14 Melanie Martinez - Play Date.mp3"
Jul 19 23:15 : player: played "Daddy Yankee - Despacito.mp3"
Jul 19 23:18 : player: played "01 Aaron Smith - Dancin (Krono Remix).mp3"
Jul 19 23:22 : player: played "01 Sasha Sloan - Dancing With Your Ghost.mp3"
Jul 20 00:17 : player: played "Ruth B. - Dandelions (slowed + reverb).mp3"
Jul 20 07:42 : config: option 'device' on line 13 was not recognized
Jul 20 08:40 : player: played "Ruth B. - Dandelions (slowed + reverb).mp3"
Jul 20 18:34 : config: option 'device' on line 13 was not recognized
Jul 20 23:50 : player: played "Ruth B. - Dandelions (slowed + reverb).mp3"
Jul 21 17:28 : config: option 'device' on line 13 was not recognized
Jul 21 17:55 : player: played "Ruth B. - Dandelions (slowed + reverb).mp3"
Jul 21 17:57 : config: option 'device' on line 13 was not recognized
Jul 21 20:09 : player: played "Ruth B. - Dandelions (slowed + reverb).mp3"
Jul 21 20:14 : config: option 'device' on line 13 was not recognized
Jul 21 20:36 : output: Failed to pause "pulse audio" (pulse): failed to connect the stream: Connection terminated
Jul 21 21:19 : player: played "Ouska - Disappear.mp3"
Jul 22 07:00 : config: option 'device' on line 13 was not recognized
Jul 22 07:58 : player: played "Ouska - Disappear.mp3"
Jul 22 16:42 : config: option 'device' on line 13 was not recognized
Jul 22 16:44 : player: played "Ouska - Disappear.mp3"
Jul 22 16:46 : config: option 'device' on line 13 was not recognized
Jul 22 17:04 : player: played "Rowan Drake - Elephant In The Room.mp3"
Jul 22 21:57 : config: option 'device' on line 13 was not recognized
Jul 22 23:39 : player: played "Rowan Drake - Elephant In The Room.mp3"
Jul 23 11:28 : config: option 'device' on line 13 was not recognized
Jul 23 13:27 : player: played "Rowan Drake - Elephant In The Room.mp3"
Jul 23 15:06 : config: option 'device' on line 13 was not recognized
Jul 23 15:08 : player: played "Rowan Drake - Elephant In The Room.mp3"
Jul 23 16:21 : config: option 'device' on line 13 was not recognized
Jul 23 23:37 : player: played "Rowan Drake - Elephant In The Room.mp3"
Jul 24 16:36 : config: option 'device' on line 13 was not recognized
Jul 24 16:37 : player: played "Rowan Drake - Elephant In The Room.mp3"
Jul 24 19:16 : config: option 'device' on line 13 was not recognized
Jul 24 23:13 : player: played "Rowan Drake - Elephant In The Room.mp3"
Jul 24 23:16 : config: option 'device' on line 13 was not recognized
Jul 25 02:20 : config: option 'device' on line 13 was not recognized
Jul 26 02:02 : player: played "13 DJ Snake - Let Me Love You.mp3"
Jul 26 12:13 : config: option 'device' on line 13 was not recognized
Jul 26 15:52 : player: played "13 DJ Snake - Let Me Love You.mp3"
Jul 26 16:09 : config: option 'device' on line 13 was not recognized
Jul 27 23:38 : player: played "13 DJ Snake - Let Me Love You.mp3"
Jul 27 23:39 : config: option 'device' on line 13 was not recognized
Jul 28 02:09 : player: played "13 DJ Snake - Let Me Love You.mp3"
Jul 28 12:06 : config: option 'device' on line 13 was not recognized
Jul 28 13:42 : player: played "01 Alan Walker - Fade.mp3"
Jul 28 16:02 : player: played "01 Alan Walker - Faded.mp3"
Jul 28 16:03 : config: option 'device' on line 13 was not recognized
Jul 28 16:03 : player: played "01 Alan Walker - Faded.mp3"
Jul 28 16:04 : config: option 'device' on line 13 was not recognized
Jul 28 16:05 : player: played "01 Alan Walker - Faded.mp3"
Jul 28 16:05 : config: option 'device' on line 13 was not recognized
Jul 28 17:27 : player: played "01 Alan Walker - Faded.mp3"
Jul 28 18:24 : config: option 'device' on line 13 was not recognized
Jul 28 18:56 : player: played "01 Alan Walker - Faded.mp3"
Jul 28 18:57 : config: option 'device' on line 13 was not recognized
Jul 28 22:55 : player: played "01 Alan Walker - Faded.mp3"
Jul 28 23:27 : config: option 'device' on line 13 was not recognized
Jul 29 00:59 : player: played "Sofía Reyes - 1,2,3.mp3"
Jul 29 13:16 : config: option 'device' on line 13 was not recognized
Jul 29 16:05 : player: played "Trevor Daniel - Falling.mp3"
Jul 29 16:09 : player: played "01 Kate Bush - Running Up That Hill (A Deal With God).mp3"
Jul 29 16:12 : player: played "Hesham Abdul Wahab - Nagumo.mp3"
Jul 30 02:10 : output: Failed to play on "pulse audio" (pulse): suspended
Jul 30 02:16 : player: played "Chris Zabriskie - I Am a Man Who Will Fight for Your Honor.mp3"
Jul 30 02:50 : player: played "02 Tommee Profitt - In The End (Mellen Gi Remix).mp3"
Jul 30 14:11 : config: option 'device' on line 13 was not recognized
Jul 30 15:34 : output: Failed to play on "pulse audio" (pulse): suspended
Jul 30 15:43 : player: played "enjyng - U Should Run.mp3"
Jul 30 15:44 : config: option 'device' on line 13 was not recognized
Jul 30 16:12 : player: played "enjyng - U Should Run.mp3"
Jul 30 16:13 : config: option 'device' on line 13 was not recognized
Jul 30 16:26 : player: played "enjyng - U Should Run.mp3"
Jul 30 16:26 : config: option 'device' on line 13 was not recognized
Jul 30 16:30 : player: played "enjyng - U Should Run.mp3"
Jul 30 16:31 : config: option 'device' on line 13 was not recognized
Jul 30 16:41 : player: played "enjyng - U Should Run.mp3"
Jul 30 16:42 : config: option 'device' on line 13 was not recognized
